<?xml version="1.0" encoding="UTF-8"?>
<!-- Generated by org.testng.reporters.JUnitXMLReporter -->
<testsuite ignored="0" hostname="DESKTOP-PJRNU1D" failures="3" tests="4" name="Surefire test" time="1.312" errors="0" timestamp="2021-02-07T00:15:12 IST">
  <testcase classname="org.scrolltest.test.TestDeletePersom" name="deletePerson" time="0.699">
    <failure type="java.lang.AssertionError" message="expected [true] but found [false]">
      <![CDATA[java.lang.AssertionError: expected [true] but found [false]
at org.scrolltest.Helpers.PersonServiceHelper.deletePerson(PersonServiceHelper.java:78)
at org.scrolltest.test.TestDeletePersom.deletePerson(TestDeletePersom.java:20)
at java.base/java.util.ArrayList.forEach(ArrayList.java:1540)
... Removed 36 stack frames]]>
    </failure>
  </testcase> <!-- deletePerson -->
  <testcase classname="org.scrolltest.test.TestGetPerson" name="testGetAllPerson" time="0.002">
    <failure type="java.lang.NullPointerException">
      <![CDATA[java.lang.NullPointerException
at org.scrolltest.test.TestGetPerson.testGetAllPerson(TestGetPerson.java:24)
at java.base/java.util.ArrayList.forEach(ArrayList.java:1540)
... Removed 32 stack frames]]>
    </failure>
  </testcase> <!-- testGetAllPerson -->
  <testcase classname="org.scrolltest.test.TestPatchPerson" name="updatePersondata" time="0.103">
    <failure type="java.lang.AssertionError" message="expected [true] but found [false]">
      <![CDATA[java.lang.AssertionError: expected [true] but found [false]
at org.scrolltest.Helpers.PersonServiceHelper.updatePerson(PersonServiceHelper.java:69)
at org.scrolltest.test.TestPatchPerson.updatePersondata(TestPatchPerson.java:21)
at java.base/java.util.ArrayList.forEach(ArrayList.java:1540)
... Removed 36 stack frames]]>
    </failure>
  </testcase> <!-- updatePersondata -->
  <testcase classname="org.scrolltest.test.TestPostPersom" name="createPersonPost" time="0.412"/>
</testsuite> <!-- Surefire test -->
