<?xml version="1.0" encoding="UTF-8"?>
<testsuite xmlns:xsi="http://www.w3.org/2001/XMLSchema-instance" xsi:noNamespaceSchemaLocation="https://maven.apache.org/surefire/maven-surefire-plugin/xsd/surefire-test-report.xsd" name="TestSuite" time="2.389" tests="5" errors="0" skipped="0" failures="3">
  <properties>
[...]
</properties>
  <testcase name="deletePerson" classname="org.scrolltest.test.TestDeletePersom" time="0.723">
    <failure message="expected [true] but found [false]" type="java.lang.AssertionError">java.lang.AssertionError: expected [true] but found [false]
	at org.scrolltest.test.TestDeletePersom.deletePerson(TestDeletePersom.java:20)
</failure>
    <system-out><![CDATA[Request method:	DELETE
Request URI:	http://localhost:3000/users/3
Proxy:			<none>
Request params:	<none>
Query params:	<none>
Form params:	<none>
Path params:	id=3
Headers:		Accept=*/*
				Content-Type=application/json; charset=UTF-8
Cookies:		<none>
Multiparts:		<none>
Body:			<none>
]]></system-out>
  </testcase>
  <testcase name="testGetAllPerson" classname="org.scrolltest.test.TestGetPerson" time="0.003">
    <failure type="java.lang.NullPointerException">java.lang.NullPointerException
	at org.scrolltest.test.TestGetPerson.testGetAllPerson(TestGetPerson.java:24)
</failure>
  </testcase>
  <testcase name="updatePersondata" classname="org.scrolltest.test.TestPatchPerson" time="0.104">
    <failure message="expected [true] but found [false]" type="java.lang.AssertionError">java.lang.AssertionError: expected [true] but found [false]
	at org.scrolltest.test.TestPatchPerson.updatePersondata(TestPatchPerson.java:21)
</failure>
  </testcase>
  <testcase name="createPersonPost" classname="org.scrolltest.test.TestPostPersom" time="0.412"/>
  <testcase name="shouldAnswerWithTrue on shouldAnswerWithTrue(org.scrolltest.AppTest)" classname="org.scrolltest.AppTest" time="0.541"/>
</testsuite>